OUTPUT o_sdram_addr[12] 	 location (33, 3, 1) 	 L12 	 
OUTPUT o_data_req 	 location (5, 33, 1) 	 B4 	 
INPUT  i_addr[11] 	 location (16, 33, 1) 	 D8 	 
OUTPUT io_sdram_dq[12] 	 location (2, 33, 1) 	 B2 	 
OUTPUT o_sdram_addr[3] 	 location (0, 18, 1) 	 G5 	 
INPUT  i_rwn 	 location (0, 7, 0) 	 M1 	 
INPUT  i_data[3] 	 location (30, 33, 1) 	 C12 	 
INPUT  i_addr[5] 	 location (18, 33, 0) 	 B9 	 
INPUT  i_addr[14] 	 location (20, 33, 0) 	 C10 	 
OUTPUT o_sdram_dqm[3] 	 location (33, 2, 0) 	 R14 	 
INPUT  i_selfrefresh_req 	 location (0, 6, 0) 	 M2 	 
OUTPUT o_sdram_addr[4] 	 location (0, 19, 1) 	 G3 	 
OUTPUT o_data[11] 	 location (33, 24, 0) 	 E14 	 
OUTPUT o_write_done 	 location (0, 25, 0) 	 D1 	 
OUTPUT o_data[0] 	 location (33, 27, 0) 	 D15 	 
INPUT  i_power_down 	 location (0, 4, 1) 	 P1 	 
INPUT  i_data[10] 	 location (26, 33, 0) 	 E9 	 
OUTPUT o_sdram_addr[9] 	 location (0, 27, 1) 	 E5 	 
INPUT  i_addr[19] 	 location (23, 33, 0) 	 B11 	 
OUTPUT o_sdram_blkaddr[1] 	 location (6, 33, 1) 	 A5 	 
OUTPUT o_sdram_csn 	 location (33, 3, 0) 	 M15 	 
OUTPUT o_data[7] 	 location (33, 5, 0) 	 K13 	 
OUTPUT o_data[22] 	 location (33, 15, 1) 	 H13 	 
OUTPUT io_sdram_dq[5] 	 location (0, 14, 1) 	 H3 	 
OUTPUT o_sdram_dqm[2] 	 location (33, 2, 1) 	 P14 	 
OUTPUT io_sdram_dq[14] 	 location (3, 33, 1) 	 A2 	 
INPUT  i_data[14] 	 location (28, 33, 1) 	 D11 	 
OUTPUT o_sdram_addr[5] 	 location (0, 20, 0) 	 F1 	 
OUTPUT o_data[25] 	 location (33, 14, 0) 	 J14 	 
OUTPUT o_data[16] 	 location (33, 21, 0) 	 F14 	 
OUTPUT io_sdram_dq[8] 	 location (0, 12, 1) 	 J5 	 
INPUT  i_data[6] 	 location (33, 31, 0) 	 B15 	 
INPUT  i_addr[6] 	 location (17, 33, 1) 	 A8 	 
OUTPUT o_sdram_addr[10] 	 location (0, 25, 1) 	 E6 	 
OUTPUT o_data[3] 	 location (33, 9, 0) 	 K15 	 
OUTPUT o_data[19] 	 location (33, 19, 1) 	 G11 	 
OUTPUT io_sdram_dq[1] 	 location (0, 22, 1) 	 F5 	 
INPUT  i_data[11] 	 location (26, 33, 1) 	 D9 	 
INPUT  i_clk 	 location (0, 16, 1) 	 H5 	 
INPUT  i_addr[20] 	 location (0, 5, 1) 	 N2 	 
INPUT  i_addr[17] 	 location (18, 33, 1) 	 A9 	 
OUTPUT o_sdram_clk 	 location (0, 21, 1) 	 F3 	 
OUTPUT o_data[8] 	 location (33, 4, 1) 	 K12 	 
OUTPUT o_data[30] 	 location (33, 8, 0) 	 M14 	 
OUTPUT io_sdram_dq[10] 	 location (0, 24, 0) 	 E2 	 
INPUT  i_burststop_req 	 location (0, 6, 1) 	 K5 	 
INPUT  i_addr[18] 	 location (22, 33, 0) 	 B10 	 
OUTPUT o_sdram_blkaddr[0] 	 location (0, 28, 0) 	 C1 	 
OUTPUT o_sdram_addr[1] 	 location (0, 19, 0) 	 G1 	 
OUTPUT o_data[28] 	 location (33, 11, 0) 	 J13 	 
INPUT  i_data[1] 	 location (25, 33, 1) 	 B12 	 
INPUT  i_adv 	 location (0, 4, 0) 	 K4 	 
OUTPUT o_sdram_casn 	 location (8, 33, 1) 	 F7 	 
OUTPUT o_init_done 	 location (0, 28, 1) 	 E3 	 
OUTPUT o_data[6] 	 location (33, 5, 1) 	 J10 	 
OUTPUT o_data[21] 	 location (33, 16, 1) 	 H12 	 
OUTPUT o_data[12] 	 location (33, 23, 1) 	 F12 	 
OUTPUT io_sdram_dq[4] 	 location (0, 14, 0) 	 J3 	 
INPUT  i_addr[2] 	 location (11, 33, 1) 	 C7 	 
OUTPUT o_sdram_dqm[1] 	 location (0, 31, 0) 	 B1 	 
OUTPUT io_sdram_dq[15] 	 location (4, 33, 0) 	 D5 	 
INPUT  i_precharge_req 	 location (0, 9, 1) 	 K3 	 
INPUT  i_data[15] 	 location (29, 33, 1) 	 E11 	 
INPUT  i_addr[13] 	 location (12, 33, 0) 	 A7 	 
OUTPUT o_data[24] 	 location (33, 14, 1) 	 H11 	 
OUTPUT o_data[17] 	 location (33, 20, 1) 	 G10 	 
INPUT  i_data[5] 	 location (31, 33, 1) 	 B14 	 
INPUT  i_addr[7] 	 location (17, 33, 0) 	 C9 	 
OUTPUT o_data[2] 	 location (33, 19, 0) 	 G15 	 
OUTPUT io_sdram_dq[0] 	 location (0, 22, 0) 	 F4 	 
INPUT  i_data[12] 	 location (27, 33, 0) 	 E10 	 
INPUT  i_addr[21] 	 location (14, 33, 0) 	 B7 	 
INPUT  i_addr[16] 	 location (19, 33, 0) 	 C8 	 
OUTPUT o_read_done 	 location (0, 30, 0) 	 D4 	 
OUTPUT o_data[31] 	 location (33, 7, 0) 	 L14 	 
OUTPUT io_sdram_dq[11] 	 location (2, 33, 0) 	 C3 	 
OUTPUT o_sdram_addr[6] 	 location (0, 20, 1) 	 G2 	 
INPUT  i_disable_active 	 location (0, 5, 0) 	 M3 	 
INPUT  i_data[0] 	 location (25, 33, 0) 	 D10 	 
INPUT  i_addr[8] 	 location (23, 33, 1) 	 A11 	 
OUTPUT o_data[20] 	 location (33, 17, 0) 	 G13 	 
OUTPUT o_data[13] 	 location (33, 23, 0) 	 F13 	 
OUTPUT io_sdram_dq[7] 	 location (0, 12, 0) 	 J2 	 
INPUT  i_loadmod_req 	 location (0, 7, 1) 	 L3 	 
INPUT  i_data[9] 	 location (33, 27, 1) 	 D13 	 
INPUT  i_addr[3] 	 location (11, 33, 0) 	 A6 	 
OUTPUT o_sdram_dqm[0] 	 location (0, 30, 1) 	 E4 	 
INPUT  i_addr[12] 	 location (13, 33, 0) 	 C6 	 
OUTPUT o_sdram_rasn 	 location (0, 31, 1) 	 C2 	 
OUTPUT o_data_valid 	 location (5, 33, 0) 	 C5 	 
OUTPUT o_ack 	 location (0, 16, 0) 	 H1 	 
OUTPUT o_sdram_addr[2] 	 location (0, 18, 0) 	 H2 	 
OUTPUT o_data[14] 	 location (33, 22, 0) 	 F15 	 
INPUT  i_data[4] 	 location (31, 33, 0) 	 A15 	 
INPUT  i_addr[4] 	 location (10, 33, 1) 	 D7 	 
OUTPUT o_data[5] 	 location (33, 6, 0) 	 L13 	 
OUTPUT io_sdram_dq[3] 	 location (0, 13, 1) 	 H4 	 
INPUT  i_data[13] 	 location (27, 33, 1) 	 B13 	 
INPUT  i_addr[15] 	 location (19, 33, 1) 	 B8 	 
OUTPUT o_sdram_addr[7] 	 location (0, 21, 0) 	 F2 	 
OUTPUT o_busy 	 location (0, 11, 0) 	 K1 	 
INPUT  i_addr[9] 	 location (24, 33, 1) 	 C11 	 
OUTPUT o_data[27] 	 location (33, 12, 0) 	 K14 	 
OUTPUT o_data[10] 	 location (33, 24, 1) 	 F11 	 
OUTPUT io_sdram_dq[6] 	 location (0, 11, 1) 	 J4 	 
INPUT  i_rst 	 location (0, 17, 0) 	 G4 	 
INPUT  i_disable_precharge 	 location (0, 3, 1) 	 M4 	 
INPUT  i_data[8] 	 location (33, 28, 0) 	 E13 	 
INPUT  i_addr[0] 	 location (10, 33, 0) 	 B6 	 
OUTPUT o_data[1] 	 location (33, 25, 0) 	 D14 	 
OUTPUT o_sdram_wen 	 location (1, 33, 1) 	 A1 	 
OUTPUT o_sdram_addr[8] 	 location (0, 27, 0) 	 D3 	 
OUTPUT o_data[15] 	 location (33, 21, 1) 	 G12 	 
OUTPUT o_data[4] 	 location (33, 6, 1) 	 J12 	 
OUTPUT o_data[23] 	 location (33, 15, 0) 	 H14 	 
OUTPUT io_sdram_dq[2] 	 location (4, 33, 1) 	 B3 	 
OUTPUT o_sdram_cke 	 location (0, 24, 1) 	 D2 	 
OUTPUT o_data[26] 	 location (33, 13, 0) 	 J15 	 
OUTPUT io_sdram_dq[9] 	 location (0, 13, 0) 	 J1 	 
INPUT  i_data[7] 	 location (33, 30, 0) 	 C14 	 
INPUT  i_addr[1] 	 location (20, 33, 1) 	 F9 	 
OUTPUT o_sdram_addr[11] 	 location (7, 33, 1) 	 B5 	 
OUTPUT o_data[18] 	 location (33, 20, 0) 	 G14 	 
INPUT  i_addr[10] 	 location (0, 9, 0) 	 L1 	 
OUTPUT o_data[9] 	 location (33, 4, 0) 	 M13 	 
OUTPUT io_sdram_dq[13] 	 location (3, 33, 0) 	 C4 	 
OUTPUT o_sdram_addr[0] 	 location (0, 17, 1) 	 H6 	 
OUTPUT o_data[29] 	 location (33, 10, 1) 	 J11 	 
INPUT  i_disable_autorefresh 	 location (0, 3, 0) 	 L4 	 
INPUT  i_data[2] 	 location (30, 33, 0) 	 C13 	 
