#! /nix/store/q7aka061394r67lakfbijmpaqh6xl0ak-iverilog-11.0/bin/vvp
:ivl_version "11.0 (stable)";
:ivl_delay_selection "TYPICAL";
:vpi_time_precision - 9;
:vpi_module "/nix/store/q7aka061394r67lakfbijmpaqh6xl0ak-iverilog-11.0/lib/ivl/system.vpi";
:vpi_module "/nix/store/q7aka061394r67lakfbijmpaqh6xl0ak-iverilog-11.0/lib/ivl/vhdl_sys.vpi";
:vpi_module "/nix/store/q7aka061394r67lakfbijmpaqh6xl0ak-iverilog-11.0/lib/ivl/vhdl_textio.vpi";
:vpi_module "/nix/store/q7aka061394r67lakfbijmpaqh6xl0ak-iverilog-11.0/lib/ivl/v2005_math.vpi";
:vpi_module "/nix/store/q7aka061394r67lakfbijmpaqh6xl0ak-iverilog-11.0/lib/ivl/va_math.vpi";
S_0x1075330 .scope module, "alu_bench" "alu_bench" 2 5;
 .timescale -6 -9;
L_0x10b4800 .functor BUFZ 16, L_0x10b6230, C4<0000000000000000>, C4<0000000000000000>, C4<0000000000000000>;
v0x10b3f70_0 .var "arg1", 15 0;
v0x10b4050_0 .var "arg2", 15 0;
v0x10b4110_0 .net "carry", 0 0, L_0x10b4a90;  1 drivers
v0x10b4200_0 .net "nau_lu", 0 0, L_0x10b4760;  1 drivers
v0x10b42a0_0 .var "op", 4 0;
v0x10b4390_0 .net "opcode", 2 0, L_0x10b46c0;  1 drivers
v0x10b4450_0 .net "overflow", 0 0, L_0x10b6090;  1 drivers
v0x10b4540_0 .net "result", 15 0, L_0x10b6230;  1 drivers
v0x10b4600_0 .net/s "result_s", 15 0, L_0x10b4800;  1 drivers
L_0x10b46c0 .part v0x10b42a0_0, 0, 3;
L_0x10b4760 .part v0x10b42a0_0, 3, 1;
S_0x1075040 .scope module, "alu0" "alu" 2 18, 3 4 0, S_0x1075330;
 .timescale -6 -9;
    .port_info 0 /INPUT 1 "nau_lu";
    .port_info 1 /INPUT 3 "opcode";
    .port_info 2 /INPUT 16 "arg1";
    .port_info 3 /INPUT 16 "arg2";
    .port_info 4 /OUTPUT 16 "result";
    .port_info 5 /OUTPUT 1 "carry";
    .port_info 6 /OUTPUT 1 "overflow";
v0x10b33c0_0 .net "arg1", 15 0, v0x10b3f70_0;  1 drivers
v0x10b34f0_0 .net "arg2", 15 0, v0x10b4050_0;  1 drivers
v0x10b3600_0 .net "au_result", 15 0, L_0x10b5dc0;  1 drivers
v0x10b36a0_0 .net "carry", 0 0, L_0x10b4a90;  alias, 1 drivers
v0x10b3740_0 .net "lu_result", 15 0, v0x10b32a0_0;  1 drivers
v0x10b3830_0 .net "nau_lu", 0 0, L_0x10b4760;  alias, 1 drivers
v0x10b38d0_0 .net "opcode", 2 0, L_0x10b46c0;  alias, 1 drivers
v0x10b39c0_0 .net "overflow", 0 0, L_0x10b6090;  alias, 1 drivers
v0x10b3a60_0 .net "result", 15 0, L_0x10b6230;  alias, 1 drivers
L_0x10b6230 .functor MUXZ 16, L_0x10b5dc0, v0x10b32a0_0, L_0x10b4760, C4<>;
S_0x108d9f0 .scope module, "au0" "au" 3 16, 4 1 0, S_0x1075040;
 .timescale -6 -9;
    .port_info 0 /INPUT 3 "opcode";
    .port_info 1 /INPUT 16 "arg1";
    .port_info 2 /INPUT 16 "arg2";
    .port_info 3 /OUTPUT 16 "result";
    .port_info 4 /OUTPUT 1 "carry";
    .port_info 5 /OUTPUT 1 "overflow";
L_0x10b48e0 .functor BUFZ 16, v0x10b3f70_0, C4<0000000000000000>, C4<0000000000000000>, C4<0000000000000000>;
L_0x10b4970 .functor BUFZ 16, v0x10b4050_0, C4<0000000000000000>, C4<0000000000000000>, C4<0000000000000000>;
L_0x10b4ea0 .functor NOT 1, L_0x10b4e00, C4<0>, C4<0>, C4<0>;
L_0x10b4f40 .functor NOT 1, L_0x10b4b60, C4<0>, C4<0>, C4<0>;
L_0x10b5030 .functor NOT 1, L_0x10b4c30, C4<0>, C4<0>, C4<0>;
L_0x10b50f0 .functor AND 1, L_0x10b4f40, L_0x10b5030, C4<1>, C4<1>;
L_0x10b5240 .functor AND 1, L_0x10b50f0, L_0x10b4d00, C4<1>, C4<1>;
L_0x10b5350 .functor AND 1, L_0x10b4ea0, L_0x10b5240, C4<1>, C4<1>;
L_0x10b54b0 .functor NOT 1, L_0x10b4b60, C4<0>, C4<0>, C4<0>;
L_0x10b5520 .functor AND 1, L_0x10b54b0, L_0x10b4c30, C4<1>, C4<1>;
L_0x10b5640 .functor AND 1, L_0x10b5520, L_0x10b4d00, C4<1>, C4<1>;
L_0x10b56b0 .functor OR 1, L_0x10b5350, L_0x10b5640, C4<0>, C4<0>;
L_0x10b5830 .functor NOT 1, L_0x10b4c30, C4<0>, C4<0>, C4<0>;
L_0x10b5930 .functor AND 1, L_0x10b4b60, L_0x10b5830, C4<1>, C4<1>;
L_0x10b57c0 .functor NOT 1, L_0x10b4d00, C4<0>, C4<0>, C4<0>;
L_0x10b5b40 .functor AND 1, L_0x10b5930, L_0x10b57c0, C4<1>, C4<1>;
L_0x10b5c40 .functor OR 1, L_0x10b56b0, L_0x10b5b40, C4<0>, C4<0>;
L_0x10b5d50 .functor AND 1, L_0x10b4b60, L_0x10b4c30, C4<1>, C4<1>;
L_0x10b5e60 .functor NOT 1, L_0x10b4d00, C4<0>, C4<0>, C4<0>;
L_0x10b5ed0 .functor AND 1, L_0x10b5d50, L_0x10b5e60, C4<1>, C4<1>;
L_0x10b6090 .functor OR 1, L_0x10b5c40, L_0x10b5ed0, C4<0>, C4<0>;
v0x108dc70_0 .net *"_ivl_13", 0 0, L_0x10b4e00;  1 drivers
v0x10b13b0_0 .net *"_ivl_14", 0 0, L_0x10b4ea0;  1 drivers
v0x10b1490_0 .net *"_ivl_16", 0 0, L_0x10b4f40;  1 drivers
v0x10b1550_0 .net *"_ivl_18", 0 0, L_0x10b5030;  1 drivers
v0x10b1630_0 .net *"_ivl_20", 0 0, L_0x10b50f0;  1 drivers
v0x10b1760_0 .net *"_ivl_22", 0 0, L_0x10b5240;  1 drivers
v0x10b1840_0 .net *"_ivl_24", 0 0, L_0x10b5350;  1 drivers
v0x10b1920_0 .net *"_ivl_26", 0 0, L_0x10b54b0;  1 drivers
v0x10b1a00_0 .net *"_ivl_28", 0 0, L_0x10b5520;  1 drivers
v0x10b1ae0_0 .net *"_ivl_30", 0 0, L_0x10b5640;  1 drivers
v0x10b1bc0_0 .net *"_ivl_32", 0 0, L_0x10b56b0;  1 drivers
v0x10b1ca0_0 .net *"_ivl_34", 0 0, L_0x10b5830;  1 drivers
v0x10b1d80_0 .net *"_ivl_36", 0 0, L_0x10b5930;  1 drivers
v0x10b1e60_0 .net *"_ivl_38", 0 0, L_0x10b57c0;  1 drivers
v0x10b1f40_0 .net *"_ivl_40", 0 0, L_0x10b5b40;  1 drivers
v0x10b2020_0 .net *"_ivl_42", 0 0, L_0x10b5c40;  1 drivers
v0x10b2100_0 .net *"_ivl_44", 0 0, L_0x10b5d50;  1 drivers
v0x10b21e0_0 .net *"_ivl_46", 0 0, L_0x10b5e60;  1 drivers
v0x10b22c0_0 .net *"_ivl_48", 0 0, L_0x10b5ed0;  1 drivers
v0x10b23a0_0 .net "arg1", 15 0, v0x10b3f70_0;  alias, 1 drivers
v0x10b2480_0 .net/s "arg1s", 15 0, L_0x10b48e0;  1 drivers
v0x10b2560_0 .net "arg2", 15 0, v0x10b4050_0;  alias, 1 drivers
v0x10b2640_0 .net/s "arg2s", 15 0, L_0x10b4970;  1 drivers
v0x10b2720_0 .net "carry", 0 0, L_0x10b4a90;  alias, 1 drivers
v0x10b27e0_0 .net "opcode", 2 0, L_0x10b46c0;  alias, 1 drivers
v0x10b28c0_0 .net "overflow", 0 0, L_0x10b6090;  alias, 1 drivers
v0x10b2980_0 .net "result", 15 0, L_0x10b5dc0;  alias, 1 drivers
v0x10b2a60_0 .net "s1", 0 0, L_0x10b4b60;  1 drivers
v0x10b2b20_0 .net "s2", 0 0, L_0x10b4c30;  1 drivers
v0x10b2be0_0 .net "so", 0 0, L_0x10b4d00;  1 drivers
v0x10b2ca0_0 .var "tmp_out", 16 0;
E_0x108c540/0 .event edge, v0x10b27e0_0, v0x10b23a0_0, v0x10b2560_0, v0x10b2480_0;
E_0x108c540/1 .event edge, v0x10b2640_0;
E_0x108c540 .event/or E_0x108c540/0, E_0x108c540/1;
L_0x10b4a90 .part v0x10b2ca0_0, 16, 1;
L_0x10b4b60 .part v0x10b3f70_0, 15, 1;
L_0x10b4c30 .part v0x10b4050_0, 15, 1;
L_0x10b4d00 .part v0x10b2ca0_0, 15, 1;
L_0x10b4e00 .part L_0x10b46c0, 2, 1;
L_0x10b5dc0 .part v0x10b2ca0_0, 0, 16;
S_0x10b2e40 .scope module, "lu0" "lu" 3 17, 5 1 0, S_0x1075040;
 .timescale -6 -9;
    .port_info 0 /INPUT 3 "opcode";
    .port_info 1 /INPUT 16 "arg1";
    .port_info 2 /INPUT 16 "arg2";
    .port_info 3 /OUTPUT 16 "result";
v0x10b3080_0 .net "arg1", 15 0, v0x10b3f70_0;  alias, 1 drivers
v0x10b3160_0 .net "arg2", 15 0, v0x10b4050_0;  alias, 1 drivers
v0x10b3200_0 .net "opcode", 2 0, L_0x10b46c0;  alias, 1 drivers
v0x10b32a0_0 .var "result", 15 0;
E_0x108c090 .event edge, v0x10b27e0_0, v0x10b23a0_0, v0x10b2560_0;
S_0x10b3c00 .scope task, "test_all" "test_all" 2 20, 2 20 0, S_0x1075330;
 .timescale -6 -9;
v0x10b3db0_0 .var "t_arg1", 15 0;
v0x10b3e90_0 .var "t_arg2", 15 0;
TD_alu_bench.test_all ;
    %pushi/vec4 0, 0, 5;
    %store/vec4 v0x10b42a0_0, 0, 5;
    %load/vec4 v0x10b3db0_0;
    %store/vec4 v0x10b3f70_0, 0, 16;
    %load/vec4 v0x10b3e90_0;
    %store/vec4 v0x10b4050_0, 0, 16;
    %delay 5000, 0;
    %vpi_call 2 26 "$display", "\012testing all ALU ops\012arg1: %d %16b\012arg2: %d %16b", v0x10b3f70_0, v0x10b3f70_0, v0x10b4050_0, v0x10b4050_0 {0 0 0};
T_0.0 ;
    %load/vec4 v0x10b42a0_0;
    %cmpi/u 16, 0, 5;
    %jmp/0xz T_0.1, 5;
    %vpi_call 2 29 "$display", "sel %d op %d res %d (%d) %16b cf %d of %d", v0x10b4200_0, v0x10b4390_0, v0x10b4540_0, v0x10b4600_0, v0x10b4540_0, v0x10b4110_0, v0x10b4450_0 {0 0 0};
    ; show_stmt_assign_vector: Get l-value for compressed += operand
    %load/vec4 v0x10b42a0_0;
    %pushi/vec4 1, 0, 5;
    %add;
    %store/vec4 v0x10b42a0_0, 0, 5;
    %delay 5000, 0;
    %jmp T_0.0;
T_0.1 ;
    %vpi_call 2 35 "$display", "\000" {0 0 0};
    %end;
    .scope S_0x108d9f0;
T_1 ;
    %wait E_0x108c540;
    %load/vec4 v0x10b27e0_0;
    %dup/vec4;
    %pushi/vec4 0, 0, 3;
    %cmp/u;
    %jmp/1 T_1.0, 6;
    %dup/vec4;
    %pushi/vec4 1, 0, 3;
    %cmp/u;
    %jmp/1 T_1.1, 6;
    %dup/vec4;
    %pushi/vec4 2, 0, 3;
    %cmp/u;
    %jmp/1 T_1.2, 6;
    %dup/vec4;
    %pushi/vec4 3, 0, 3;
    %cmp/u;
    %jmp/1 T_1.3, 6;
    %dup/vec4;
    %pushi/vec4 4, 0, 3;
    %cmp/u;
    %jmp/1 T_1.4, 6;
    %dup/vec4;
    %pushi/vec4 5, 0, 3;
    %cmp/u;
    %jmp/1 T_1.5, 6;
    %dup/vec4;
    %pushi/vec4 6, 0, 3;
    %cmp/u;
    %jmp/1 T_1.6, 6;
    %dup/vec4;
    %pushi/vec4 7, 0, 3;
    %cmp/u;
    %jmp/1 T_1.7, 6;
    %pushi/vec4 65535, 65535, 17;
    %store/vec4 v0x10b2ca0_0, 0, 17;
    %jmp T_1.9;
T_1.0 ;
    %load/vec4 v0x10b23a0_0;
    %pad/u 17;
    %load/vec4 v0x10b2560_0;
    %pad/u 17;
    %add;
    %store/vec4 v0x10b2ca0_0, 0, 17;
    %jmp T_1.9;
T_1.1 ;
    %load/vec4 v0x10b23a0_0;
    %pad/u 17;
    %load/vec4 v0x10b2560_0;
    %pad/u 17;
    %sub;
    %store/vec4 v0x10b2ca0_0, 0, 17;
    %jmp T_1.9;
T_1.2 ;
    %load/vec4 v0x10b2480_0;
    %pad/s 17;
    %load/vec4 v0x10b2640_0;
    %pad/s 17;
    %add;
    %store/vec4 v0x10b2ca0_0, 0, 17;
    %jmp T_1.9;
T_1.3 ;
    %load/vec4 v0x10b2480_0;
    %pad/s 17;
    %load/vec4 v0x10b2640_0;
    %pad/s 17;
    %sub;
    %store/vec4 v0x10b2ca0_0, 0, 17;
    %jmp T_1.9;
T_1.4 ;
    %load/vec4 v0x10b23a0_0;
    %pad/u 17;
    %ix/getv 4, v0x10b2560_0;
    %shiftl 4;
    %store/vec4 v0x10b2ca0_0, 0, 17;
    %jmp T_1.9;
T_1.5 ;
    %load/vec4 v0x10b23a0_0;
    %pad/u 17;
    %ix/getv 4, v0x10b2560_0;
    %shiftr 4;
    %store/vec4 v0x10b2ca0_0, 0, 17;
    %jmp T_1.9;
T_1.6 ;
    %load/vec4 v0x10b23a0_0;
    %pad/u 17;
    %ix/getv 4, v0x10b2560_0;
    %shiftl 4;
    %load/vec4 v0x10b23a0_0;
    %pad/u 17;
    %pushi/vec4 16, 0, 32;
    %load/vec4 v0x10b2560_0;
    %pad/u 32;
    %sub;
    %ix/vec4 4;
    %shiftr 4;
    %or;
    %store/vec4 v0x10b2ca0_0, 0, 17;
    %jmp T_1.9;
T_1.7 ;
    %load/vec4 v0x10b2480_0;
    %pad/s 17;
    %ix/getv 4, v0x10b2560_0;
    %shiftr/s 4;
    %store/vec4 v0x10b2ca0_0, 0, 17;
    %jmp T_1.9;
T_1.9 ;
    %pop/vec4 1;
    %jmp T_1;
    .thread T_1, $push;
    .scope S_0x10b2e40;
T_2 ;
    %wait E_0x108c090;
    %load/vec4 v0x10b3200_0;
    %dup/vec4;
    %pushi/vec4 0, 0, 3;
    %cmp/u;
    %jmp/1 T_2.0, 6;
    %dup/vec4;
    %pushi/vec4 1, 0, 3;
    %cmp/u;
    %jmp/1 T_2.1, 6;
    %dup/vec4;
    %pushi/vec4 2, 0, 3;
    %cmp/u;
    %jmp/1 T_2.2, 6;
    %dup/vec4;
    %pushi/vec4 3, 0, 3;
    %cmp/u;
    %jmp/1 T_2.3, 6;
    %dup/vec4;
    %pushi/vec4 4, 0, 3;
    %cmp/u;
    %jmp/1 T_2.4, 6;
    %dup/vec4;
    %pushi/vec4 5, 0, 3;
    %cmp/u;
    %jmp/1 T_2.5, 6;
    %dup/vec4;
    %pushi/vec4 6, 0, 3;
    %cmp/u;
    %jmp/1 T_2.6, 6;
    %dup/vec4;
    %pushi/vec4 7, 0, 3;
    %cmp/u;
    %jmp/1 T_2.7, 6;
    %pushi/vec4 65535, 65535, 16;
    %store/vec4 v0x10b32a0_0, 0, 16;
    %jmp T_2.9;
T_2.0 ;
    %load/vec4 v0x10b3080_0;
    %load/vec4 v0x10b3160_0;
    %and;
    %store/vec4 v0x10b32a0_0, 0, 16;
    %jmp T_2.9;
T_2.1 ;
    %load/vec4 v0x10b3080_0;
    %load/vec4 v0x10b3160_0;
    %and;
    %inv;
    %store/vec4 v0x10b32a0_0, 0, 16;
    %jmp T_2.9;
T_2.2 ;
    %load/vec4 v0x10b3080_0;
    %load/vec4 v0x10b3160_0;
    %or;
    %store/vec4 v0x10b32a0_0, 0, 16;
    %jmp T_2.9;
T_2.3 ;
    %load/vec4 v0x10b3080_0;
    %load/vec4 v0x10b3160_0;
    %or;
    %inv;
    %store/vec4 v0x10b32a0_0, 0, 16;
    %jmp T_2.9;
T_2.4 ;
    %load/vec4 v0x10b3080_0;
    %load/vec4 v0x10b3160_0;
    %xor;
    %store/vec4 v0x10b32a0_0, 0, 16;
    %jmp T_2.9;
T_2.5 ;
    %load/vec4 v0x10b3080_0;
    %load/vec4 v0x10b3160_0;
    %xor;
    %inv;
    %store/vec4 v0x10b32a0_0, 0, 16;
    %jmp T_2.9;
T_2.6 ;
    %load/vec4 v0x10b3080_0;
    %store/vec4 v0x10b32a0_0, 0, 16;
    %jmp T_2.9;
T_2.7 ;
    %load/vec4 v0x10b3080_0;
    %inv;
    %store/vec4 v0x10b32a0_0, 0, 16;
    %jmp T_2.9;
T_2.9 ;
    %pop/vec4 1;
    %jmp T_2;
    .thread T_2, $push;
    .scope S_0x1075330;
T_3 ;
    %pushi/vec4 15, 0, 16;
    %store/vec4 v0x10b3db0_0, 0, 16;
    %pushi/vec4 2, 0, 16;
    %store/vec4 v0x10b3e90_0, 0, 16;
    %fork TD_alu_bench.test_all, S_0x10b3c00;
    %join;
    %pushi/vec4 15, 0, 16;
    %store/vec4 v0x10b3db0_0, 0, 16;
    %pushi/vec4 65533, 0, 16;
    %store/vec4 v0x10b3e90_0, 0, 16;
    %fork TD_alu_bench.test_all, S_0x10b3c00;
    %join;
    %pushi/vec4 2, 0, 16;
    %store/vec4 v0x10b3db0_0, 0, 16;
    %pushi/vec4 65533, 0, 16;
    %store/vec4 v0x10b3e90_0, 0, 16;
    %fork TD_alu_bench.test_all, S_0x10b3c00;
    %join;
    %pushi/vec4 32768, 0, 16;
    %store/vec4 v0x10b3db0_0, 0, 16;
    %pushi/vec4 2, 0, 16;
    %store/vec4 v0x10b3e90_0, 0, 16;
    %fork TD_alu_bench.test_all, S_0x10b3c00;
    %join;
    %pushi/vec4 16384, 0, 16;
    %store/vec4 v0x10b3db0_0, 0, 16;
    %pushi/vec4 16384, 0, 16;
    %store/vec4 v0x10b3e90_0, 0, 16;
    %fork TD_alu_bench.test_all, S_0x10b3c00;
    %join;
    %vpi_call 2 46 "$stop" {0 0 0};
    %end;
    .thread T_3;
# The file index is used to find the file name in the following table.
:file_names 6;
    "N/A";
    "<interactive>";
    "alu-testbench.v";
    "./alu.v";
    "./au.v";
    "./lu.v";
